\BOOKMARK [2][-]{subsection.0.1}{Le d\351veloppement durable}{}% 1
\BOOKMARK [2][-]{subsection.0.2}{L'\351nergie}{}% 2
\BOOKMARK [2][-]{subsection.0.3}{L'interaction homme-machine}{}% 3
\BOOKMARK [1][-]{section.1}{Probl\351matique}{}% 4
\BOOKMARK [1][-]{section.2}{\311tat de l'art}{}% 5
\BOOKMARK [2][-]{subsection.2.1}{Technologie persuasive}{section.2}% 6
\BOOKMARK [2][-]{subsection.2.2}{Interface utilisateur tangible}{section.2}% 7
\BOOKMARK [2][-]{subsection.2.3}{Technologie persuasive ambiante}{section.2}% 8
\BOOKMARK [3][-]{subsubsection.2.3.1}{Origines}{subsection.2.3}% 9
\BOOKMARK [3][-]{subsubsection.2.3.2}{Virtual Aquarium de nakajima2008reflecting}{subsection.2.3}% 10
\BOOKMARK [3][-]{subsubsection.2.3.3}{Mona Lisa Bookshelf de nakajima2008reflecting}{subsection.2.3}% 11
\BOOKMARK [3][-]{subsubsection.2.3.4}{InAir de kim2010inair}{subsection.2.3}% 12
\BOOKMARK [3][-]{subsubsection.2.3.5}{Aulura de faber2011aulura}{subsection.2.3}% 13
\BOOKMARK [3][-]{subsubsection.2.3.6}{Shopping Lambent Device de kalnikaite2011nudge}{subsection.2.3}% 14
\BOOKMARK [3][-]{subsubsection.2.3.7}{Classroom Sound Game de reis2011perception}{subsection.2.3}% 15
\BOOKMARK [3][-]{subsubsection.2.3.8}{S\351maphore de belley2006semaphore}{subsection.2.3}% 16
\BOOKMARK [3][-]{subsubsection.2.3.9}{Coupe-veille de belley2006coupe}{subsection.2.3}% 17
\BOOKMARK [3][-]{subsubsection.2.3.10}{Energymood de lejeune2015energymood}{subsection.2.3}% 18
\BOOKMARK [3][-]{subsubsection.2.3.11}{Nuage Vert de evans2009artful}{subsection.2.3}% 19
\BOOKMARK [3][-]{subsubsection.2.3.12}{Power-Aware Cord de gustafsson2005power}{subsection.2.3}% 20
